0 info it worked if it ends with ok
1 verbose cli [ '/usr/local/Cellar/node/6.5.0/bin/node',
1 verbose cli   '/usr/local/bin/npm',
1 verbose cli   'install',
1 verbose cli   '--save',
1 verbose cli   'memwatch' ]
2 info using npm@3.10.3
3 info using node@v6.5.0
4 silly loadCurrentTree Starting
5 silly install loadCurrentTree
6 silly install readLocalPackageData
7 silly fetchPackageMetaData memwatch
8 silly fetchNamedPackageData memwatch
9 silly mapToRegistry name memwatch
10 silly mapToRegistry using default registry
11 silly mapToRegistry registry https://registry.npmjs.org/
12 silly mapToRegistry data Result {
12 silly mapToRegistry   raw: 'memwatch',
12 silly mapToRegistry   scope: null,
12 silly mapToRegistry   escapedName: 'memwatch',
12 silly mapToRegistry   name: 'memwatch',
12 silly mapToRegistry   rawSpec: '',
12 silly mapToRegistry   spec: 'latest',
12 silly mapToRegistry   type: 'tag' }
13 silly mapToRegistry uri https://registry.npmjs.org/memwatch
14 verbose request uri https://registry.npmjs.org/memwatch
15 verbose request no auth needed
16 info attempt registry request try #1 at 6:40:29 PM
17 verbose request id 396a3e6be6ec96a4
18 verbose etag W/"58674916-936e"
19 verbose lastModified Sat, 31 Dec 2016 05:58:46 GMT
20 http request GET https://registry.npmjs.org/memwatch
21 http 304 https://registry.npmjs.org/memwatch
22 verbose headers { date: 'Tue, 03 Jan 2017 02:40:29 GMT',
22 verbose headers   via: '1.1 varnish',
22 verbose headers   'cache-control': 'max-age=300',
22 verbose headers   etag: 'W/"58674916-936e"',
22 verbose headers   age: '136',
22 verbose headers   connection: 'keep-alive',
22 verbose headers   'x-served-by': 'cache-sjc3124-SJC',
22 verbose headers   'x-cache': 'HIT',
22 verbose headers   'x-cache-hits': '1',
22 verbose headers   'x-timer': 'S1483411229.431599,VS0,VE0',
22 verbose headers   vary: 'Accept-Encoding' }
23 silly get cb [ 304,
23 silly get   { date: 'Tue, 03 Jan 2017 02:40:29 GMT',
23 silly get     via: '1.1 varnish',
23 silly get     'cache-control': 'max-age=300',
23 silly get     etag: 'W/"58674916-936e"',
23 silly get     age: '136',
23 silly get     connection: 'keep-alive',
23 silly get     'x-served-by': 'cache-sjc3124-SJC',
23 silly get     'x-cache': 'HIT',
23 silly get     'x-cache-hits': '1',
23 silly get     'x-timer': 'S1483411229.431599,VS0,VE0',
23 silly get     vary: 'Accept-Encoding' } ]
24 verbose etag https://registry.npmjs.org/memwatch from cache
25 verbose get saving memwatch to /Users/andrew/.npm/registry.npmjs.org/memwatch/.cache.json
26 verbose correctMkdir /Users/andrew/.npm correctMkdir not in flight; initializing
27 silly install normalizeTree
28 silly loadCurrentTree Finishing
29 silly loadIdealTree Starting
30 silly install loadIdealTree
31 silly cloneCurrentTree Starting
32 silly install cloneCurrentTreeToIdealTree
33 silly cloneCurrentTree Finishing
34 silly loadShrinkwrap Starting
35 silly install loadShrinkwrap
36 silly loadShrinkwrap Finishing
37 silly loadAllDepsIntoIdealTree Starting
38 silly install loadAllDepsIntoIdealTree
39 silly resolveWithNewModule memwatch@0.2.2 checking installable status
40 silly cache add args [ 'memwatch', null ]
41 verbose cache add spec memwatch
42 silly cache add parsed spec Result {
42 silly cache add   raw: 'memwatch',
42 silly cache add   scope: null,
42 silly cache add   escapedName: 'memwatch',
42 silly cache add   name: 'memwatch',
42 silly cache add   rawSpec: '',
42 silly cache add   spec: 'latest',
42 silly cache add   type: 'tag' }
43 silly addNamed memwatch@latest
44 verbose addNamed "latest" is being treated as a dist-tag for memwatch
45 info addNameTag [ 'memwatch', 'latest' ]
46 silly mapToRegistry name memwatch
47 silly mapToRegistry using default registry
48 silly mapToRegistry registry https://registry.npmjs.org/
49 silly mapToRegistry data Result {
49 silly mapToRegistry   raw: 'memwatch',
49 silly mapToRegistry   scope: null,
49 silly mapToRegistry   escapedName: 'memwatch',
49 silly mapToRegistry   name: 'memwatch',
49 silly mapToRegistry   rawSpec: '',
49 silly mapToRegistry   spec: 'latest',
49 silly mapToRegistry   type: 'tag' }
50 silly mapToRegistry uri https://registry.npmjs.org/memwatch
51 verbose addNameTag registry:https://registry.npmjs.org/memwatch not in flight; fetching
52 verbose get https://registry.npmjs.org/memwatch not expired, no request
53 silly addNameTag next cb for memwatch with tag latest
54 silly addNamed memwatch@0.2.2
55 verbose addNamed "0.2.2" is a plain semver version for memwatch
56 silly cache afterAdd memwatch@0.2.2
57 verbose afterAdd /Users/andrew/.npm/memwatch/0.2.2/package/package.json not in flight; writing
58 verbose correctMkdir /Users/andrew/.npm correctMkdir not in flight; initializing
59 verbose afterAdd /Users/andrew/.npm/memwatch/0.2.2/package/package.json written
60 silly loadAllDepsIntoIdealTree Finishing
61 silly loadIdealTree Finishing
62 silly currentTree node-puzzle@0.1.0
62 silly currentTree ├── accepts@1.3.3
62 silly currentTree ├── ansi-regex@2.0.0
62 silly currentTree ├── ansi-styles@2.2.1
62 silly currentTree ├── array-flatten@1.1.1
62 silly currentTree ├── babel-code-frame@6.20.0
62 silly currentTree ├── babel-core@6.21.0
62 silly currentTree ├── babel-generator@6.21.0
62 silly currentTree ├── babel-helper-call-delegate@6.18.0
62 silly currentTree ├── babel-helper-define-map@6.18.0
62 silly currentTree ├── babel-helper-function-name@6.18.0
62 silly currentTree ├── babel-helper-get-function-arity@6.18.0
62 silly currentTree ├── babel-helper-hoist-variables@6.18.0
62 silly currentTree ├── babel-helper-optimise-call-expression@6.18.0
62 silly currentTree ├── babel-helper-regex@6.18.0
62 silly currentTree ├── babel-helper-replace-supers@6.18.0
62 silly currentTree ├── babel-helpers@6.16.0
62 silly currentTree ├── babel-messages@6.8.0
62 silly currentTree ├── babel-plugin-check-es2015-constants@6.8.0
62 silly currentTree ├── babel-plugin-transform-es2015-arrow-functions@6.8.0
62 silly currentTree ├── babel-plugin-transform-es2015-block-scoped-functions@6.8.0
62 silly currentTree ├── babel-plugin-transform-es2015-block-scoping@6.21.0
62 silly currentTree ├── babel-plugin-transform-es2015-classes@6.18.0
62 silly currentTree ├── babel-plugin-transform-es2015-computed-properties@6.8.0
62 silly currentTree ├── babel-plugin-transform-es2015-destructuring@6.19.0
62 silly currentTree ├── babel-plugin-transform-es2015-duplicate-keys@6.8.0
62 silly currentTree ├── babel-plugin-transform-es2015-for-of@6.18.0
62 silly currentTree ├── babel-plugin-transform-es2015-function-name@6.9.0
62 silly currentTree ├── babel-plugin-transform-es2015-literals@6.8.0
62 silly currentTree ├── babel-plugin-transform-es2015-modules-amd@6.18.0
62 silly currentTree ├── babel-plugin-transform-es2015-modules-commonjs@6.18.0
62 silly currentTree ├── babel-plugin-transform-es2015-modules-systemjs@6.19.0
62 silly currentTree ├── babel-plugin-transform-es2015-modules-umd@6.18.0
62 silly currentTree ├── babel-plugin-transform-es2015-object-super@6.8.0
62 silly currentTree ├── babel-plugin-transform-es2015-parameters@6.21.0
62 silly currentTree ├── babel-plugin-transform-es2015-shorthand-properties@6.18.0
62 silly currentTree ├── babel-plugin-transform-es2015-spread@6.8.0
62 silly currentTree ├── babel-plugin-transform-es2015-sticky-regex@6.8.0
62 silly currentTree ├── babel-plugin-transform-es2015-template-literals@6.8.0
62 silly currentTree ├── babel-plugin-transform-es2015-typeof-symbol@6.18.0
62 silly currentTree ├── babel-plugin-transform-es2015-unicode-regex@6.11.0
62 silly currentTree ├── babel-plugin-transform-regenerator@6.21.0
62 silly currentTree ├── babel-plugin-transform-strict-mode@6.18.0
62 silly currentTree ├── babel-preset-es2015@6.18.0
62 silly currentTree ├── babel-register@6.18.0
62 silly currentTree ├── babel-runtime@6.20.0
62 silly currentTree ├── babel-template@6.16.0
62 silly currentTree ├── babel-traverse@6.21.0
62 silly currentTree ├── babel-types@6.21.0
62 silly currentTree ├── babylon@6.14.1
62 silly currentTree ├── balanced-match@0.4.2
62 silly currentTree ├── brace-expansion@1.1.6
62 silly currentTree ├── chalk@1.1.3
62 silly currentTree ├── concat-map@0.0.1
62 silly currentTree ├── content-disposition@0.5.1
62 silly currentTree ├── content-type@1.0.2
62 silly currentTree ├── convert-source-map@1.3.0
62 silly currentTree ├── cookie-signature@1.0.6
62 silly currentTree ├── cookie@0.3.1
62 silly currentTree ├── core-js@2.4.1
62 silly currentTree ├── cors@2.8.1
62 silly currentTree ├── debug@2.2.0
62 silly currentTree ├── depd@1.1.0
62 silly currentTree ├── destroy@1.0.4
62 silly currentTree ├── detect-indent@4.0.0
62 silly currentTree ├── ee-first@1.1.1
62 silly currentTree ├── encodeurl@1.0.1
62 silly currentTree ├── escape-html@1.0.3
62 silly currentTree ├── escape-string-regexp@1.0.5
62 silly currentTree ├── esutils@2.0.2
62 silly currentTree ├── etag@1.7.0
62 silly currentTree ├── express@4.14.0
62 silly currentTree ├── finalhandler@0.5.0
62 silly currentTree ├── forwarded@0.1.0
62 silly currentTree ├── fresh@0.3.0
62 silly currentTree ├── globals@9.14.0
62 silly currentTree ├── has-ansi@2.0.0
62 silly currentTree ├── home-or-tmp@2.0.0
62 silly currentTree ├── http-errors@1.5.1
62 silly currentTree ├── inherits@2.0.3
62 silly currentTree ├── invariant@2.2.2
62 silly currentTree ├── ipaddr.js@1.1.1
62 silly currentTree ├── is-finite@1.0.2
62 silly currentTree ├── js-tokens@2.0.0
62 silly currentTree ├── jsesc@1.3.0
62 silly currentTree ├── json5@0.5.1
62 silly currentTree ├── lodash@4.17.3
62 silly currentTree ├── loose-envify@1.3.0
62 silly currentTree ├── media-typer@0.3.0
62 silly currentTree ├── merge-descriptors@1.0.1
62 silly currentTree ├── methods@1.1.2
62 silly currentTree ├── mime-db@1.25.0
62 silly currentTree ├── mime-types@2.1.13
62 silly currentTree ├── mime@1.3.4
62 silly currentTree ├── minimatch@3.0.3
62 silly currentTree ├── minimist@0.0.8
62 silly currentTree ├── mkdirp@0.5.1
62 silly currentTree ├── ms@0.7.1
62 silly currentTree ├── negotiator@0.6.1
62 silly currentTree ├── node-astar@0.1.0
62 silly currentTree ├── number-is-nan@1.0.1
62 silly currentTree ├── on-finished@2.3.0
62 silly currentTree ├── os-homedir@1.0.2
62 silly currentTree ├── os-tmpdir@1.0.2
62 silly currentTree ├── parseurl@1.3.1
62 silly currentTree ├── path-is-absolute@1.0.1
62 silly currentTree ├── path-to-regexp@0.1.7
62 silly currentTree ├── private@0.1.6
62 silly currentTree ├── proxy-addr@1.1.2
62 silly currentTree ├── qs@6.2.0
62 silly currentTree ├── range-parser@1.2.0
62 silly currentTree ├── regenerate@1.3.2
62 silly currentTree ├── regenerator-runtime@0.10.1
62 silly currentTree ├── regenerator-transform@0.9.8
62 silly currentTree ├── regexpu-core@2.0.0
62 silly currentTree ├── regjsgen@0.2.0
62 silly currentTree ├─┬ regjsparser@0.1.5
62 silly currentTree │ └── jsesc@0.5.0
62 silly currentTree ├── repeating@2.0.1
62 silly currentTree ├── send@0.14.1
62 silly currentTree ├── serve-static@1.11.1
62 silly currentTree ├── setprototypeof@1.0.2
62 silly currentTree ├── slash@1.0.0
62 silly currentTree ├── source-map-support@0.4.8
62 silly currentTree ├── source-map@0.5.6
62 silly currentTree ├── statuses@1.3.1
62 silly currentTree ├── strip-ansi@3.0.1
62 silly currentTree ├── supports-color@2.0.0
62 silly currentTree ├── to-fast-properties@1.0.2
62 silly currentTree ├── type-is@1.6.14
62 silly currentTree ├── unpipe@1.0.0
62 silly currentTree ├── utils-merge@1.0.0
62 silly currentTree └── vary@1.1.0
63 silly idealTree node-puzzle@0.1.0
63 silly idealTree ├── accepts@1.3.3
63 silly idealTree ├── ansi-regex@2.0.0
63 silly idealTree ├── ansi-styles@2.2.1
63 silly idealTree ├── array-flatten@1.1.1
63 silly idealTree ├── babel-code-frame@6.20.0
63 silly idealTree ├── babel-core@6.21.0
63 silly idealTree ├── babel-generator@6.21.0
63 silly idealTree ├── babel-helper-call-delegate@6.18.0
63 silly idealTree ├── babel-helper-define-map@6.18.0
63 silly idealTree ├── babel-helper-function-name@6.18.0
63 silly idealTree ├── babel-helper-get-function-arity@6.18.0
63 silly idealTree ├── babel-helper-hoist-variables@6.18.0
63 silly idealTree ├── babel-helper-optimise-call-expression@6.18.0
63 silly idealTree ├── babel-helper-regex@6.18.0
63 silly idealTree ├── babel-helper-replace-supers@6.18.0
63 silly idealTree ├── babel-helpers@6.16.0
63 silly idealTree ├── babel-messages@6.8.0
63 silly idealTree ├── babel-plugin-check-es2015-constants@6.8.0
63 silly idealTree ├── babel-plugin-transform-es2015-arrow-functions@6.8.0
63 silly idealTree ├── babel-plugin-transform-es2015-block-scoped-functions@6.8.0
63 silly idealTree ├── babel-plugin-transform-es2015-block-scoping@6.21.0
63 silly idealTree ├── babel-plugin-transform-es2015-classes@6.18.0
63 silly idealTree ├── babel-plugin-transform-es2015-computed-properties@6.8.0
63 silly idealTree ├── babel-plugin-transform-es2015-destructuring@6.19.0
63 silly idealTree ├── babel-plugin-transform-es2015-duplicate-keys@6.8.0
63 silly idealTree ├── babel-plugin-transform-es2015-for-of@6.18.0
63 silly idealTree ├── babel-plugin-transform-es2015-function-name@6.9.0
63 silly idealTree ├── babel-plugin-transform-es2015-literals@6.8.0
63 silly idealTree ├── babel-plugin-transform-es2015-modules-amd@6.18.0
63 silly idealTree ├── babel-plugin-transform-es2015-modules-commonjs@6.18.0
63 silly idealTree ├── babel-plugin-transform-es2015-modules-systemjs@6.19.0
63 silly idealTree ├── babel-plugin-transform-es2015-modules-umd@6.18.0
63 silly idealTree ├── babel-plugin-transform-es2015-object-super@6.8.0
63 silly idealTree ├── babel-plugin-transform-es2015-parameters@6.21.0
63 silly idealTree ├── babel-plugin-transform-es2015-shorthand-properties@6.18.0
63 silly idealTree ├── babel-plugin-transform-es2015-spread@6.8.0
63 silly idealTree ├── babel-plugin-transform-es2015-sticky-regex@6.8.0
63 silly idealTree ├── babel-plugin-transform-es2015-template-literals@6.8.0
63 silly idealTree ├── babel-plugin-transform-es2015-typeof-symbol@6.18.0
63 silly idealTree ├── babel-plugin-transform-es2015-unicode-regex@6.11.0
63 silly idealTree ├── babel-plugin-transform-regenerator@6.21.0
63 silly idealTree ├── babel-plugin-transform-strict-mode@6.18.0
63 silly idealTree ├── babel-preset-es2015@6.18.0
63 silly idealTree ├── babel-register@6.18.0
63 silly idealTree ├── babel-runtime@6.20.0
63 silly idealTree ├── babel-template@6.16.0
63 silly idealTree ├── babel-traverse@6.21.0
63 silly idealTree ├── babel-types@6.21.0
63 silly idealTree ├── babylon@6.14.1
63 silly idealTree ├── balanced-match@0.4.2
63 silly idealTree ├── brace-expansion@1.1.6
63 silly idealTree ├── chalk@1.1.3
63 silly idealTree ├── concat-map@0.0.1
63 silly idealTree ├── content-disposition@0.5.1
63 silly idealTree ├── content-type@1.0.2
63 silly idealTree ├── convert-source-map@1.3.0
63 silly idealTree ├── cookie-signature@1.0.6
63 silly idealTree ├── cookie@0.3.1
63 silly idealTree ├── core-js@2.4.1
63 silly idealTree ├── cors@2.8.1
63 silly idealTree ├── debug@2.2.0
63 silly idealTree ├── depd@1.1.0
63 silly idealTree ├── destroy@1.0.4
63 silly idealTree ├── detect-indent@4.0.0
63 silly idealTree ├── ee-first@1.1.1
63 silly idealTree ├── encodeurl@1.0.1
63 silly idealTree ├── escape-html@1.0.3
63 silly idealTree ├── escape-string-regexp@1.0.5
63 silly idealTree ├── esutils@2.0.2
63 silly idealTree ├── etag@1.7.0
63 silly idealTree ├── express@4.14.0
63 silly idealTree ├── finalhandler@0.5.0
63 silly idealTree ├── forwarded@0.1.0
63 silly idealTree ├── fresh@0.3.0
63 silly idealTree ├── globals@9.14.0
63 silly idealTree ├── has-ansi@2.0.0
63 silly idealTree ├── home-or-tmp@2.0.0
63 silly idealTree ├── http-errors@1.5.1
63 silly idealTree ├── inherits@2.0.3
63 silly idealTree ├── invariant@2.2.2
63 silly idealTree ├── ipaddr.js@1.1.1
63 silly idealTree ├── is-finite@1.0.2
63 silly idealTree ├── js-tokens@2.0.0
63 silly idealTree ├── jsesc@1.3.0
63 silly idealTree ├── json5@0.5.1
63 silly idealTree ├── lodash@4.17.3
63 silly idealTree ├── loose-envify@1.3.0
63 silly idealTree ├── media-typer@0.3.0
63 silly idealTree ├── memwatch@0.2.2
63 silly idealTree ├── merge-descriptors@1.0.1
63 silly idealTree ├── methods@1.1.2
63 silly idealTree ├── mime-db@1.25.0
63 silly idealTree ├── mime-types@2.1.13
63 silly idealTree ├── mime@1.3.4
63 silly idealTree ├── minimatch@3.0.3
63 silly idealTree ├── minimist@0.0.8
63 silly idealTree ├── mkdirp@0.5.1
63 silly idealTree ├── ms@0.7.1
63 silly idealTree ├── negotiator@0.6.1
63 silly idealTree ├── node-astar@0.1.0
63 silly idealTree ├── number-is-nan@1.0.1
63 silly idealTree ├── on-finished@2.3.0
63 silly idealTree ├── os-homedir@1.0.2
63 silly idealTree ├── os-tmpdir@1.0.2
63 silly idealTree ├── parseurl@1.3.1
63 silly idealTree ├── path-is-absolute@1.0.1
63 silly idealTree ├── path-to-regexp@0.1.7
63 silly idealTree ├── private@0.1.6
63 silly idealTree ├── proxy-addr@1.1.2
63 silly idealTree ├── qs@6.2.0
63 silly idealTree ├── range-parser@1.2.0
63 silly idealTree ├── regenerate@1.3.2
63 silly idealTree ├── regenerator-runtime@0.10.1
63 silly idealTree ├── regenerator-transform@0.9.8
63 silly idealTree ├── regexpu-core@2.0.0
63 silly idealTree ├── regjsgen@0.2.0
63 silly idealTree ├─┬ regjsparser@0.1.5
63 silly idealTree │ └── jsesc@0.5.0
63 silly idealTree ├── repeating@2.0.1
63 silly idealTree ├── send@0.14.1
63 silly idealTree ├── serve-static@1.11.1
63 silly idealTree ├── setprototypeof@1.0.2
63 silly idealTree ├── slash@1.0.0
63 silly idealTree ├── source-map-support@0.4.8
63 silly idealTree ├── source-map@0.5.6
63 silly idealTree ├── statuses@1.3.1
63 silly idealTree ├── strip-ansi@3.0.1
63 silly idealTree ├── supports-color@2.0.0
63 silly idealTree ├── to-fast-properties@1.0.2
63 silly idealTree ├── type-is@1.6.14
63 silly idealTree ├── unpipe@1.0.0
63 silly idealTree ├── utils-merge@1.0.0
63 silly idealTree └── vary@1.1.0
64 silly generateActionsToTake Starting
65 silly install generateActionsToTake
66 silly generateActionsToTake Finishing
67 silly diffTrees action count 1
68 silly diffTrees add memwatch@0.2.2
69 silly decomposeActions action count 8
70 silly decomposeActions fetch memwatch@0.2.2
71 silly decomposeActions extract memwatch@0.2.2
72 silly decomposeActions test memwatch@0.2.2
73 silly decomposeActions preinstall memwatch@0.2.2
74 silly decomposeActions build memwatch@0.2.2
75 silly decomposeActions install memwatch@0.2.2
76 silly decomposeActions postinstall memwatch@0.2.2
77 silly decomposeActions finalize memwatch@0.2.2
78 silly executeActions Starting
79 silly install executeActions
80 silly doSerial global-install 0
81 silly doParallel fetch 1
82 verbose correctMkdir /Users/andrew/.npm/_locks correctMkdir not in flight; initializing
83 verbose lock using /Users/andrew/.npm/_locks/staging-1cf9349dad20b7f1.lock for /Users/andrew/_develop/node-puzzle/node_modules/.staging
84 silly doParallel extract 1
85 silly extract memwatch@0.2.2
86 verbose unbuild node_modules/.staging/memwatch-2e88e507
87 silly gentlyRm /Users/andrew/_develop/node-puzzle/node_modules/.staging/memwatch-2e88e507 is being purged from base /Users/andrew/_develop/node-puzzle
88 verbose gentlyRm don't care about contents; nuking /Users/andrew/_develop/node-puzzle/node_modules/.staging/memwatch-2e88e507
89 verbose tar unpack /Users/andrew/.npm/memwatch/0.2.2/package.tgz
90 verbose tar unpacking to /Users/andrew/_develop/node-puzzle/node_modules/.staging/memwatch-2e88e507
91 silly gentlyRm /Users/andrew/_develop/node-puzzle/node_modules/.staging/memwatch-2e88e507 is being purged
92 verbose gentlyRm don't care about contents; nuking /Users/andrew/_develop/node-puzzle/node_modules/.staging/memwatch-2e88e507
93 silly gunzTarPerm modes [ '755', '644' ]
94 silly gunzTarPerm extractEntry package.json
95 silly gunzTarPerm extractEntry .npmignore
96 silly gunzTarPerm extractEntry README.md
97 silly gunzTarPerm extractEntry tests.js
98 silly gunzTarPerm extractEntry foo.js
99 silly gunzTarPerm extractEntry include.js
100 silly gunzTarPerm extractEntry .travis.yml
101 silly gunzTarPerm extractEntry ChangeLog
102 silly gunzTarPerm extractEntry #wscript#
103 silly gunzTarPerm extractEntry binding.gyp
104 silly gunzTarPerm extractEntry src/heapdiff.cc
105 silly gunzTarPerm extractEntry src/heapdiff.hh
106 silly gunzTarPerm extractEntry src/init.cc
107 silly gunzTarPerm extractEntry src/memwatch.cc
108 silly gunzTarPerm extractEntry src/memwatch.hh
109 silly gunzTarPerm extractEntry src/platformcompat.hh
110 silly gunzTarPerm extractEntry src/util.cc
111 silly gunzTarPerm extractEntry src/util.hh
112 silly gunzTarPerm extractEntry examples/basic_heapdiff.js
113 silly gunzTarPerm extractEntry examples/do_nothing_server.js
114 silly gunzTarPerm extractEntry examples/slightly_leaky.js
115 silly gentlyRm /Users/andrew/_develop/node-puzzle/node_modules/.staging/memwatch-2e88e507/node_modules is being purged
116 verbose gentlyRm don't care about contents; nuking /Users/andrew/_develop/node-puzzle/node_modules/.staging/memwatch-2e88e507/node_modules
117 silly doParallel preinstall 1
118 silly preinstall memwatch@0.2.2 /Users/andrew/_develop/node-puzzle/node_modules/.staging/memwatch-2e88e507
119 info lifecycle memwatch@0.2.2~preinstall: memwatch@0.2.2
120 silly lifecycle memwatch@0.2.2~preinstall: no script for preinstall, continuing
121 silly doReverseSerial remove 0
122 silly doSerial move 0
123 silly doSerial finalize 1
124 silly finalize /Users/andrew/_develop/node-puzzle/node_modules/memwatch
125 silly doSerial build 1
126 silly build memwatch@0.2.2
127 info linkStuff memwatch@0.2.2
128 silly linkStuff memwatch@0.2.2 has /Users/andrew/_develop/node-puzzle/node_modules as its parent node_modules
129 verbose linkBins memwatch@0.2.2
130 verbose linkMans memwatch@0.2.2
131 silly doSerial global-link 0
132 silly doParallel update-linked 0
133 silly doSerial install 1
134 silly install memwatch@0.2.2 /Users/andrew/_develop/node-puzzle/node_modules/.staging/memwatch-2e88e507
135 info lifecycle memwatch@0.2.2~install: memwatch@0.2.2
136 verbose lifecycle memwatch@0.2.2~install: unsafe-perm in lifecycle true
137 verbose lifecycle memwatch@0.2.2~install: PATH: /usr/local/lib/node_modules/npm/bin/node-gyp-bin:/Users/andrew/_develop/node-puzzle/node_modules/memwatch/node_modules/.bin:/Users/andrew/_develop/node-puzzle/node_modules/.bin:/usr/local/Cellar/node/6.5.0/bin://anaconda/bin:/Library/TeX/Distributions/.DefaultTeX/Contents/Programs/texbin:/Users/andrew/anaconda/lib:/Users/andrew/anaconda/bin:/Applications/MAMP/bin/php/php5.5.10/bin:/usr/local/bin:/usr/bin:/bin:/usr/sbin:/sbin:/opt/X11/bin:/usr/local/git/bin:/Library/TeX/texbin:/Applications/Postgres.app/Contents/Versions/9.4/bin
138 verbose lifecycle memwatch@0.2.2~install: CWD: /Users/andrew/_develop/node-puzzle/node_modules/memwatch
139 silly lifecycle memwatch@0.2.2~install: Args: [ '-c', 'node-gyp rebuild' ]
140 silly lifecycle memwatch@0.2.2~install: Returned: code: 1  signal: null
141 info lifecycle memwatch@0.2.2~install: Failed to exec install script
142 verbose unlock done using /Users/andrew/.npm/_locks/staging-1cf9349dad20b7f1.lock for /Users/andrew/_develop/node-puzzle/node_modules/.staging
143 silly rollbackFailedOptional Starting
144 silly rollbackFailedOptional Finishing
145 silly runTopLevelLifecycles Starting
146 silly runTopLevelLifecycles Finishing
147 silly install printInstalled
148 warn node-puzzle@0.1.0 No license field.
149 verbose stack Error: memwatch@0.2.2 install: `node-gyp rebuild`
149 verbose stack Exit status 1
149 verbose stack     at EventEmitter.<anonymous> (/usr/local/lib/node_modules/npm/lib/utils/lifecycle.js:242:16)
149 verbose stack     at emitTwo (events.js:106:13)
149 verbose stack     at EventEmitter.emit (events.js:191:7)
149 verbose stack     at ChildProcess.<anonymous> (/usr/local/lib/node_modules/npm/lib/utils/spawn.js:40:14)
149 verbose stack     at emitTwo (events.js:106:13)
149 verbose stack     at ChildProcess.emit (events.js:191:7)
149 verbose stack     at maybeClose (internal/child_process.js:877:16)
149 verbose stack     at Process.ChildProcess._handle.onexit (internal/child_process.js:226:5)
150 verbose pkgid memwatch@0.2.2
151 verbose cwd /Users/andrew/_develop/node-puzzle
152 error Darwin 16.1.0
153 error argv "/usr/local/Cellar/node/6.5.0/bin/node" "/usr/local/bin/npm" "install" "--save" "memwatch"
154 error node v6.5.0
155 error npm  v3.10.3
156 error code ELIFECYCLE
157 error memwatch@0.2.2 install: `node-gyp rebuild`
157 error Exit status 1
158 error Failed at the memwatch@0.2.2 install script 'node-gyp rebuild'.
158 error Make sure you have the latest version of node.js and npm installed.
158 error If you do, this is most likely a problem with the memwatch package,
158 error not with npm itself.
158 error Tell the author that this fails on your system:
158 error     node-gyp rebuild
158 error You can get information on how to open an issue for this project with:
158 error     npm bugs memwatch
158 error Or if that isn't available, you can get their info via:
158 error     npm owner ls memwatch
158 error There is likely additional logging output above.
159 verbose exit [ 1, true ]
